# JRE version: OpenJDK Runtime Environment (17.0.2+8) (build 17.0.2+8-86)
# Java VM: OpenJDK 64-Bit Server VM (17.0.2+8-86, mixed mode, emulated-client, sharing, tiered, compressed oops, compressed class ptrs, g1 gc, windows-amd64)
GC Precious Log:
 CPUs: 4 total, 4 available
 Memory: 8087M
 Large Page Support: Disabled
 NUMA Support: Disabled
 Compressed Oops: Enabled (32-bit)
 Heap Region Size: 1M
 Heap Min Capacity: 8M
 Heap Initial Capacity: 128M
 Heap Max Capacity: 2022M
 Pre-touch: Disabled
 Parallel Workers: 4
 Concurrent Workers: 1
 Concurrent Refinement Workers: 4
 Periodic GC: Disabled
Heap:
 garbage-first heap   total 130048K, used 73612K [0x0000000081a00000, 0x0000000100000000)
  region size 1024K, 39 young (39936K), 1 survivors (1024K)
 Metaspace       used 62902K, committed 63488K, reserved 1105920K
  class space    used 8777K, committed 9024K, reserved 1048576K
GC Heap History (20 events):
Event: 1531.019 GC heap before
{Heap before GC invocations=36 (full 0):
 garbage-first heap   total 130048K, used 109709K [0x0000000081a00000, 0x0000000100000000)
  region size 1024K, 72 young (73728K), 1 survivors (1024K)
 Metaspace       used 62454K, committed 63040K, reserved 1105920K
  class space    used 8697K, committed 8960K, reserved 1048576K
}
Event: 1531.022 GC heap after
{Heap after GC invocations=37 (full 0):
 garbage-first heap   total 130048K, used 36764K [0x0000000081a00000, 0x0000000100000000)
  region size 1024K, 1 young (1024K), 1 survivors (1024K)
 Metaspace       used 62454K, committed 63040K, reserved 1105920K
  class space    used 8697K, committed 8960K, reserved 1048576K
}
Event: 6284.273 GC heap before
{Heap before GC invocations=37 (full 0):
 garbage-first heap   total 130048K, used 110492K [0x0000000081a00000, 0x0000000100000000)
  region size 1024K, 73 young (74752K), 1 survivors (1024K)
 Metaspace       used 62929K, committed 63488K, reserved 1105920K
  class space    used 8782K, committed 9024K, reserved 1048576K
}
Event: 6284.306 GC heap after
{Heap after GC invocations=38 (full 0):
 garbage-first heap   total 130048K, used 37662K [0x0000000081a00000, 0x0000000100000000)
  region size 1024K, 2 young (2048K), 2 survivors (2048K)
 Metaspace       used 62929K, committed 63488K, reserved 1105920K
  class space    used 8782K, committed 9024K, reserved 1048576K
}
Event: 6661.271 GC heap before
{Heap before GC invocations=39 (full 0):
 garbage-first heap   total 130048K, used 110366K [0x0000000081a00000, 0x0000000100000000)
  region size 1024K, 73 young (74752K), 2 survivors (2048K)
 Metaspace       used 62902K, committed 63488K, reserved 1105920K
  class space    used 8776K, committed 9024K, reserved 1048576K
}
Event: 6661.299 GC heap after
{Heap after GC invocations=40 (full 0):
 garbage-first heap   total 130048K, used 38067K [0x0000000081a00000, 0x0000000100000000)
  region size 1024K, 2 young (2048K), 2 survivors (2048K)
 Metaspace       used 62902K, committed 63488K, reserved 1105920K
  class space    used 8776K, committed 9024K, reserved 1048576K
}
Event: 6682.384 GC heap before
{Heap before GC invocations=40 (full 0):
 garbage-first heap   total 130048K, used 42163K [0x0000000081a00000, 0x0000000100000000)
  region size 1024K, 6 young (6144K), 2 survivors (2048K)
 Metaspace       used 62905K, committed 63488K, reserved 1105920K
  class space    used 8776K, committed 9024K, reserved 1048576K
}
Event: 6682.415 GC heap after
{Heap after GC invocations=41 (full 0):
 garbage-first heap   total 130048K, used 37027K [0x0000000081a00000, 0x0000000100000000)
  region size 1024K, 1 young (1024K), 1 survivors (1024K)
 Metaspace       used 62905K, committed 63488K, reserved 1105920K
  class space    used 8776K, committed 9024K, reserved 1048576K
}
Event: 6774.658 GC heap before
{Heap before GC invocations=41 (full 0):
 garbage-first heap   total 130048K, used 111779K [0x0000000081a00000, 0x0000000100000000)
  region size 1024K, 74 young (75776K), 1 survivors (1024K)
 Metaspace       used 62916K, committed 63488K, reserved 1105920K
  class space    used 8779K, committed 9024K, reserved 1048576K
}
Event: 6774.666 GC heap after
{Heap after GC invocations=42 (full 0):
 garbage-first heap   total 130048K, used 37076K [0x0000000081a00000, 0x0000000100000000)
  region size 1024K, 1 young (1024K), 1 survivors (1024K)
 Metaspace       used 62916K, committed 63488K, reserved 1105920K
  class space    used 8779K, committed 9024K, reserved 1048576K
}
Event: 6785.717 GC heap before
{Heap before GC invocations=43 (full 0):
 garbage-first heap   total 130048K, used 111828K [0x0000000081a00000, 0x0000000100000000)
  region size 1024K, 74 young (75776K), 1 survivors (1024K)
 Metaspace       used 62902K, committed 63488K, reserved 1105920K
  class space    used 8777K, committed 9024K, reserved 1048576K
}
Event: 6785.720 GC heap after
{Heap after GC invocations=44 (full 0):
 garbage-first heap   total 130048K, used 37037K [0x0000000081a00000, 0x0000000100000000)
  region size 1024K, 1 young (1024K), 1 survivors (1024K)
 Metaspace       used 62902K, committed 63488K, reserved 1105920K
  class space    used 8777K, committed 9024K, reserved 1048576K
}
Event: 6786.580 GC heap before
{Heap before GC invocations=44 (full 0):
 garbage-first heap   total 130048K, used 42157K [0x0000000081a00000, 0x0000000100000000)
  region size 1024K, 6 young (6144K), 1 survivors (1024K)
 Metaspace       used 62902K, committed 63488K, reserved 1105920K
  class space    used 8777K, committed 9024K, reserved 1048576K
}
Event: 6786.590 GC heap after
{Heap after GC invocations=45 (full 0):
 garbage-first heap   total 130048K, used 36275K [0x0000000081a00000, 0x0000000100000000)
  region size 1024K, 1 young (1024K), 1 survivors (1024K)
 Metaspace       used 62902K, committed 63488K, reserved 1105920K
  class space    used 8777K, committed 9024K, reserved 1048576K
}
Event: 6800.003 GC heap before
{Heap before GC invocations=45 (full 0):
 garbage-first heap   total 130048K, used 112051K [0x0000000081a00000, 0x0000000100000000)
  region size 1024K, 75 young (76800K), 1 survivors (1024K)
 Metaspace       used 62902K, committed 63488K, reserved 1105920K
  class space    used 8777K, committed 9024K, reserved 1048576K
}
Event: 6800.010 GC heap after
{Heap after GC invocations=46 (full 0):
 garbage-first heap   total 130048K, used 36388K [0x0000000081a00000, 0x0000000100000000)
  region size 1024K, 1 young (1024K), 1 survivors (1024K)
 Metaspace       used 62902K, committed 63488K, reserved 1105920K
  class space    used 8777K, committed 9024K, reserved 1048576K
}
Event: 6812.641 GC heap before
{Heap before GC invocations=47 (full 0):
 garbage-first heap   total 130048K, used 112164K [0x0000000081a00000, 0x0000000100000000)
  region size 1024K, 75 young (76800K), 1 survivors (1024K)
 Metaspace       used 62902K, committed 63488K, reserved 1105920K
  class space    used 8777K, committed 9024K, reserved 1048576K
}
Event: 6812.644 GC heap after
{Heap after GC invocations=48 (full 0):
 garbage-first heap   total 130048K, used 36418K [0x0000000081a00000, 0x0000000100000000)
  region size 1024K, 1 young (1024K), 1 survivors (1024K)
 Metaspace       used 62902K, committed 63488K, reserved 1105920K
  class space    used 8777K, committed 9024K, reserved 1048576K
}
Event: 6814.099 GC heap before
{Heap before GC invocations=48 (full 0):
 garbage-first heap   total 130048K, used 41538K [0x0000000081a00000, 0x0000000100000000)
  region size 1024K, 6 young (6144K), 1 survivors (1024K)
 Metaspace       used 62902K, committed 63488K, reserved 1105920K
  class space    used 8777K, committed 9024K, reserved 1048576K
}
Event: 6814.110 GC heap after
{Heap after GC invocations=49 (full 0):
 garbage-first heap   total 130048K, used 35724K [0x0000000081a00000, 0x0000000100000000)
  region size 1024K, 1 young (1024K), 1 survivors (1024K)
 Metaspace       used 62902K, committed 63488K, reserved 1105920K
  class space    used 8777K, committed 9024K, reserved 1048576K
}

